[Wed Mar  6 13:49:58 2019 : 794265] speechd:   Speech Dispatcher Logging to file /h/d2/a/dat14amr/.cache/speech-dispatcher/log//speech-dispatcher.log
[Wed Mar  6 13:49:58 2019 : 794414] speechd:  Configuration has been read from "/etc/speech-dispatcher/speechd.conf"
[Wed Mar  6 13:49:58 2019 : 795503] speechd:  Initializing output module espeak with binary /usr/lib/speech-dispatcher-modules/sd_espeak and configuration /etc/speech-dispatcher/modules/espeak.conf
[Wed Mar  6 13:49:58 2019 : 795520] speechd:   Output module is logging to file /h/d2/a/dat14amr/.cache/speech-dispatcher/log//espeak.log
[Wed Mar  6 13:49:58 2019 : 795819] speechd:  Module espeak loaded.
[Wed Mar  6 13:49:58 2019 : 857382] speechd:  Module espeak started successfully with message: 
---------------
Espeak: Initialized successfully.
---------------

[Wed Mar  6 13:49:58 2019 : 862084] speechd:  Initializing output module generic with binary /usr/lib/speech-dispatcher-modules/sd_generic and configuration /etc/speech-dispatcher/modules/generic.conf
[Wed Mar  6 13:49:58 2019 : 862097] speechd:   Output module is logging to file /h/d2/a/dat14amr/.cache/speech-dispatcher/log//generic.log
[Wed Mar  6 13:49:58 2019 : 862462] speechd:  Module generic loaded.
[Wed Mar  6 13:49:58 2019 : 863412] speechd:  Module generic started successfully with message: 
---------------
Everything ok so far.
---------------

[Wed Mar  6 13:49:58 2019 : 872816] speechd:  Initializing output module dummy with binary /usr/lib/speech-dispatcher-modules/sd_dummy and configuration /etc/speech-dispatcher/modules/dummy.conf
[Wed Mar  6 13:49:58 2019 : 872832] speechd:   Output module is logging to file /h/d2/a/dat14amr/.cache/speech-dispatcher/log//dummy.log
[Wed Mar  6 13:49:58 2019 : 873103] speechd:  Module dummy loaded.
[Wed Mar  6 13:49:58 2019 : 887419] speechd:  Module dummy started successfully with message: 
---------------
Everything ok so far.
---------------

[Wed Mar  6 13:49:58 2019 : 892036] speechd:  Initializing output module cicero with binary /usr/lib/speech-dispatcher-modules/sd_cicero and configuration /etc/speech-dispatcher/modules/cicero.conf
[Wed Mar  6 13:49:58 2019 : 892048] speechd:   Output module is logging to file /h/d2/a/dat14amr/.cache/speech-dispatcher/log//cicero.log
[Wed Mar  6 13:49:58 2019 : 892298] speechd:  Module cicero loaded.
[Wed Mar  6 13:49:58 2019 : 894245] speechd:  Module cicero started successfully with message: 
---------------
Cicero initialized successfully.
---------------

[Wed Mar  6 13:49:58 2019 : 898752] speechd:   Speech Dispatcher Logging to file /h/d2/a/dat14amr/.cache/speech-dispatcher/log//speech-dispatcher.log
[Wed Mar  6 13:49:58 2019 : 900649] speechd:   Speech Dispatcher started with 4 output modules
[Wed Mar  6 13:49:58 2019 : 909670] speechd: Speech Dispatcher started and waiting for clients ...
[Wed Mar  6 13:49:58 2019 : 910740] speechd: LINE here:|200-afrikaans af none|
[Wed Mar  6 13:49:58 2019 : 910752] speechd: LINE here:|200-aragonese an none|
[Wed Mar  6 13:49:58 2019 : 910756] speechd: LINE here:|200-bulgarian bg none|
[Wed Mar  6 13:49:58 2019 : 910759] speechd: LINE here:|200-bosnian bs none|
[Wed Mar  6 13:49:58 2019 : 910763] speechd: LINE here:|200-catalan ca none|
[Wed Mar  6 13:49:58 2019 : 910767] speechd: LINE here:|200-czech cs none|
[Wed Mar  6 13:49:58 2019 : 910770] speechd: LINE here:|200-welsh cy none|
[Wed Mar  6 13:49:58 2019 : 910774] speechd: LINE here:|200-danish da none|
[Wed Mar  6 13:49:58 2019 : 910777] speechd: LINE here:|200-german de none|
[Wed Mar  6 13:49:58 2019 : 910781] speechd: LINE here:|200-greek el none|
[Wed Mar  6 13:49:58 2019 : 910784] speechd: LINE here:|200-default en none|
[Wed Mar  6 13:49:58 2019 : 910788] speechd: LINE here:|200-english en gb|
[Wed Mar  6 13:49:58 2019 : 910791] speechd: LINE here:|200-en-scottish en sc|
[Wed Mar  6 13:49:58 2019 : 910795] speechd: LINE here:|200-english-north en uk-north|
[Wed Mar  6 13:49:58 2019 : 910798] speechd: LINE here:|200-english_rp en uk-rp|
[Wed Mar  6 13:49:58 2019 : 910802] speechd: LINE here:|200-english_wmids en uk-wmids|
[Wed Mar  6 13:49:58 2019 : 910809] speechd: LINE here:|200-english-us en us|
[Wed Mar  6 13:49:58 2019 : 910813] speechd: LINE here:|200-en-westindies en wi|
[Wed Mar  6 13:49:58 2019 : 910817] speechd: LINE here:|200-esperanto eo none|
[Wed Mar  6 13:49:58 2019 : 910820] speechd: LINE here:|200-spanish es none|
[Wed Mar  6 13:49:58 2019 : 910824] speechd: LINE here:|200-spanish-latin-am es la|
[Wed Mar  6 13:49:58 2019 : 910827] speechd: LINE here:|200-estonian et none|
[Wed Mar  6 13:49:58 2019 : 910831] speechd: LINE here:|200-persian fa none|
[Wed Mar  6 13:49:58 2019 : 910834] speechd: LINE here:|200-persian-pinglish fa pin|
[Wed Mar  6 13:49:58 2019 : 910838] speechd: LINE here:|200-finnish fi none|
[Wed Mar  6 13:49:58 2019 : 910841] speechd: LINE here:|200-french-Belgium fr be|
[Wed Mar  6 13:49:58 2019 : 910844] speechd: LINE here:|200-french fr fr|
[Wed Mar  6 13:49:58 2019 : 910848] speechd: LINE here:|200-irish-gaeilge ga none|
[Wed Mar  6 13:49:58 2019 : 910859] speechd: LINE here:|200-greek-ancient grc none|
[Wed Mar  6 13:49:58 2019 : 910862] speechd: LINE here:|200-hindi hi none|
[Wed Mar  6 13:49:58 2019 : 910866] speechd: LINE here:|200-croatian hr none|
[Wed Mar  6 13:49:58 2019 : 910870] speechd: LINE here:|200-hungarian hu none|
[Wed Mar  6 13:49:58 2019 : 910873] speechd: LINE here:|200-armenian hy none|
[Wed Mar  6 13:49:58 2019 : 910877] speechd: LINE here:|200-armenian-west hy west|
[Wed Mar  6 13:49:58 2019 : 910880] speechd: LINE here:|200-indonesian id none|
[Wed Mar  6 13:49:58 2019 : 910885] speechd: LINE here:|200-icelandic is none|
[Wed Mar  6 13:49:58 2019 : 910889] speechd: LINE here:|200-italian it none|
[Wed Mar  6 13:49:58 2019 : 910893] speechd: LINE here:|200-lojban jbo none|
[Wed Mar  6 13:49:58 2019 : 910896] speechd: LINE here:|200-georgian ka none|
[Wed Mar  6 13:49:58 2019 : 910900] speechd: LINE here:|200-kannada kn none|
[Wed Mar  6 13:49:58 2019 : 910903] speechd: LINE here:|200-kurdish ku none|
[Wed Mar  6 13:49:58 2019 : 910907] speechd: LINE here:|200-latin la none|
[Wed Mar  6 13:49:58 2019 : 910910] speechd: LINE here:|200-lingua_franca_nova lfn none|
[Wed Mar  6 13:49:58 2019 : 910914] speechd: LINE here:|200-lithuanian lt none|
[Wed Mar  6 13:49:58 2019 : 910917] speechd: LINE here:|200-latvian lv none|
[Wed Mar  6 13:49:58 2019 : 910921] speechd: LINE here:|200-macedonian mk none|
[Wed Mar  6 13:49:58 2019 : 910927] speechd: LINE here:|200-malayalam ml none|
[Wed Mar  6 13:49:58 2019 : 910931] speechd: LINE here:|200-malay ms none|
[Wed Mar  6 13:49:58 2019 : 910935] speechd: LINE here:|200-nepali ne none|
[Wed Mar  6 13:49:58 2019 : 910939] speechd: LINE here:|200-dutch nl none|
[Wed Mar  6 13:49:58 2019 : 910942] speechd: LINE here:|200-norwegian no none|
[Wed Mar  6 13:49:58 2019 : 910946] speechd: LINE here:|200-punjabi pa none|
[Wed Mar  6 13:49:58 2019 : 910950] speechd: LINE here:|200-polish pl none|
[Wed Mar  6 13:49:58 2019 : 910953] speechd: LINE here:|200-brazil pt br|
[Wed Mar  6 13:49:58 2019 : 910957] speechd: LINE here:|200-portugal pt pt|
[Wed Mar  6 13:49:58 2019 : 910960] speechd: LINE here:|200-romanian ro none|
[Wed Mar  6 13:49:58 2019 : 910964] speechd: LINE here:|200-russian ru none|
[Wed Mar  6 13:49:58 2019 : 910967] speechd: LINE here:|200-slovak sk none|
[Wed Mar  6 13:49:58 2019 : 910971] speechd: LINE here:|200-albanian sq none|
[Wed Mar  6 13:49:58 2019 : 910974] speechd: LINE here:|200-serbian sr none|
[Wed Mar  6 13:49:58 2019 : 910978] speechd: LINE here:|200-swedish sv none|
[Wed Mar  6 13:49:58 2019 : 910981] speechd: LINE here:|200-swahili-test sw none|
[Wed Mar  6 13:49:58 2019 : 910985] speechd: LINE here:|200-tamil ta none|
[Wed Mar  6 13:49:58 2019 : 910988] speechd: LINE here:|200-turkish tr none|
[Wed Mar  6 13:49:58 2019 : 910992] speechd: LINE here:|200-vietnam vi none|
[Wed Mar  6 13:49:58 2019 : 910995] speechd: LINE here:|200-vietnam_hue vi hue|
[Wed Mar  6 13:49:58 2019 : 910999] speechd: LINE here:|200-vietnam_sgn vi sgn|
[Wed Mar  6 13:49:58 2019 : 911002] speechd: LINE here:|200-Mandarin zh none|
[Wed Mar  6 13:49:58 2019 : 911013] speechd: LINE here:|200-cantonese zh yue|
[Wed Mar  6 13:49:58 2019 : 911018] speechd: LINE here:|200 OK VOICE LIST SENT|
